0 info it worked if it ends with ok
1 verbose cli [
1 verbose cli   'C:\\Program Files\\nodejs\\node.exe',
1 verbose cli   'C:\\Users\\User\\AppData\\Roaming\\npm\\node_modules\\npm\\bin\\npm-cli.js',
1 verbose cli   'run',
1 verbose cli   'deploy'
1 verbose cli ]
2 info using npm@3.10.8
3 info using node@v13.3.0
4 verbose run-script [ 'predeploy', 'deploy', 'postdeploy' ]
5 info lifecycle hello-world@1.0.0~predeploy: hello-world@1.0.0
6 silly lifecycle hello-world@1.0.0~predeploy: no script for predeploy, continuing
7 info lifecycle hello-world@1.0.0~deploy: hello-world@1.0.0
8 verbose lifecycle hello-world@1.0.0~deploy: unsafe-perm in lifecycle true
9 verbose lifecycle hello-world@1.0.0~deploy: PATH: C:\Users\User\AppData\Roaming\npm\node_modules\npm\bin\node-gyp-bin;D:\Mate_academy\projects\16_12_19\layout_hello-world\node_modules\.bin;C:\Program Files (x86)\Intel\TXE Components\TCS\;C:\Program Files\Intel\TXE Components\TCS\;C:\WINDOWS\system32;C:\WINDOWS;C:\WINDOWS\System32\Wbem;C:\WINDOWS\System32\WindowsPowerShell\v1.0\;C:\WINDOWS\System32\OpenSSH\;C:\Program Files (x86)\Microsoft SQL Server\100\Tools\Binn\;C:\Program Files\Microsoft SQL Server\100\Tools\Binn\;C:\Program Files\Microsoft SQL Server\100\DTS\Binn\;C:\Program Files (x86)\Microsoft SQL Server\100\Tools\Binn\VSShell\Common7\IDE\;C:\Program Files (x86)\Microsoft SQL Server\100\DTS\Binn\;C:\Program Files\nodejs\;C:\Program Files\Git\cmd;C:\Users\User\AppData\Local\Microsoft\WindowsApps;C:\Users\User\AppData\Roaming\npm;C:\Users\User\AppData\Local\Programs\Microsoft VS Code\bin
10 verbose lifecycle hello-world@1.0.0~deploy: CWD: D:\Mate_academy\projects\16_12_19\layout_hello-world
11 silly lifecycle hello-world@1.0.0~deploy: Args: [
11 silly lifecycle   '/d /s /c',
11 silly lifecycle   "git add . && git commit -m 'solution' && git push origin develop && npm run publish"
11 silly lifecycle ]
12 silly lifecycle hello-world@1.0.0~deploy: Returned: code: 1  signal: null
13 info lifecycle hello-world@1.0.0~deploy: Failed to exec deploy script
14 verbose stack Error: hello-world@1.0.0 deploy: `git add . && git commit -m 'solution' && git push origin develop && npm run publish`
14 verbose stack Exit status 1
14 verbose stack     at EventEmitter.<anonymous> (C:\Users\User\AppData\Roaming\npm\node_modules\npm\lib\utils\lifecycle.js:255:16)
14 verbose stack     at EventEmitter.emit (events.js:219:5)
14 verbose stack     at ChildProcess.<anonymous> (C:\Users\User\AppData\Roaming\npm\node_modules\npm\lib\utils\spawn.js:40:14)
14 verbose stack     at ChildProcess.emit (events.js:219:5)
14 verbose stack     at maybeClose (internal/child_process.js:1027:16)
14 verbose stack     at Process.ChildProcess._handle.onexit (internal/child_process.js:285:5)
15 verbose pkgid hello-world@1.0.0
16 verbose cwd D:\Mate_academy\projects\16_12_19\layout_hello-world
17 error Windows_NT 10.0.18362
18 error argv "C:\\Program Files\\nodejs\\node.exe" "C:\\Users\\User\\AppData\\Roaming\\npm\\node_modules\\npm\\bin\\npm-cli.js" "run" "deploy"
19 error node v13.3.0
20 error npm  v3.10.8
21 error code ELIFECYCLE
22 error hello-world@1.0.0 deploy: `git add . && git commit -m 'solution' && git push origin develop && npm run publish`
22 error Exit status 1
23 error Failed at the hello-world@1.0.0 deploy script 'git add . && git commit -m 'solution' && git push origin develop && npm run publish'.
23 error Make sure you have the latest version of node.js and npm installed.
23 error If you do, this is most likely a problem with the hello-world package,
23 error not with npm itself.
23 error Tell the author that this fails on your system:
23 error     git add . && git commit -m 'solution' && git push origin develop && npm run publish
23 error You can get information on how to open an issue for this project with:
23 error     npm bugs hello-world
23 error Or if that isn't available, you can get their info via:
23 error     npm owner ls hello-world
23 error There is likely additional logging output above.
24 verbose exit [ 1, true ]
